<?xml version="1.0" encoding="UTF-8"?>
<testsuite xmlns:xsi="http://www.w3.org/2001/XMLSchema-instance" xsi:noNamespaceSchemaLocation="https://maven.apache.org/surefire/maven-surefire-plugin/xsd/surefire-test-report-3.0.xsd" version="3.0" name="assignment.runners.TestRunner" time="13.408" tests="1" errors="0" skipped="0" failures="0">
  <properties>
[...]
</properties>
  <testcase name="Verify headers" classname="HWC search verification" time="10.296">
    <system-out><![CDATA[19:06:40.678 [main] DEBUG n.t.c.u.PropertiesFileLocalPreferences - LOADING LOCAL PROPERTIES FROM C:\Users\ramiz\Desktop\selenium\SerenityProject\serenity.properties 
19:06:40.697 [main] DEBUG n.t.c.u.PropertiesFileLocalPreferences - LOADING LOCAL PROPERTIES FROM C:\Users\ramiz\Desktop\selenium\SerenityProject\serenity.properties 
19:06:40.698 [main] DEBUG n.t.c.u.PropertiesFileLocalPreferences - LOADING LOCAL PROPERTIES FROM C:\Users\ramiz\Desktop\selenium\SerenityProject\serenity.properties 
19:06:40.708 [main] DEBUG n.t.c.u.PropertiesFileLocalPreferences - url=https://connector.hrsa.gov/connector/
19:06:40.708 [main] DEBUG n.t.c.u.PropertiesFileLocalPreferences - serenity.outputDirectory=target/site/reports
19:06:40.709 [main] DEBUG n.t.c.u.PropertiesFileLocalPreferences - serenity.restart.for.each=feature
19:06:40.709 [main] DEBUG n.t.c.u.PropertiesFileLocalPreferences - serenity.browser.height=800
19:06:40.709 [main] DEBUG n.t.c.u.PropertiesFileLocalPreferences - serenity.browser.width=1400
19:06:40.709 [main] DEBUG n.t.c.u.PropertiesFileLocalPreferences - browser=chrome
19:06:40.709 [main] DEBUG n.t.c.u.PropertiesFileLocalPreferences - chrome.switches=--headless
19:06:40.709 [main] DEBUG n.t.c.u.PropertiesFileLocalPreferences - serenity.project.name="Serenity Assignment Project"
19:06:40.709 [main] DEBUG n.t.c.u.PropertiesFileLocalPreferences - serenity.maintain.session=true
19:06:41.359 [main] INFO  i.c.core.plugin.SerenityReporter - Running feature from file:///C:/Users/ramiz/Desktop/selenium/SerenityProject/src/test/resources/features/assigment.feature
19:06:41.619 [main] DEBUG n.t.c.u.PropertiesFileLocalPreferences - LOADING LOCAL PROPERTIES FROM C:\Users\ramiz\Desktop\selenium\SerenityProject\serenity.properties 
19:06:41.624 [main] DEBUG n.t.c.u.PropertiesFileLocalPreferences - LOADING LOCAL PROPERTIES FROM C:\Users\ramiz\Desktop\selenium\SerenityProject\serenity.properties 
19:06:41.625 [main] DEBUG n.t.c.u.PropertiesFileLocalPreferences - LOADING LOCAL PROPERTIES FROM C:\Users\ramiz\Desktop\selenium\SerenityProject\serenity.properties 
19:06:41.626 [main] DEBUG n.t.c.u.PropertiesFileLocalPreferences - url=https://connector.hrsa.gov/connector/
19:06:41.626 [main] DEBUG n.t.c.u.PropertiesFileLocalPreferences - serenity.outputDirectory=target/site/reports
19:06:41.626 [main] DEBUG n.t.c.u.PropertiesFileLocalPreferences - serenity.restart.for.each=feature
19:06:41.626 [main] DEBUG n.t.c.u.PropertiesFileLocalPreferences - serenity.browser.height=800
19:06:41.626 [main] DEBUG n.t.c.u.PropertiesFileLocalPreferences - serenity.browser.width=1400
19:06:41.626 [main] DEBUG n.t.c.u.PropertiesFileLocalPreferences - browser=chrome
19:06:41.627 [main] DEBUG n.t.c.u.PropertiesFileLocalPreferences - chrome.switches=--headless
19:06:41.627 [main] DEBUG n.t.c.u.PropertiesFileLocalPreferences - serenity.project.name="Serenity Assignment Project"
19:06:41.627 [main] DEBUG n.t.c.u.PropertiesFileLocalPreferences - serenity.maintain.session=true
19:06:41.634 [main] INFO   - 

-------------------------------------------------------------------------------------
     _______. _______ .______       _______ .__   __.  __  .___________.____    ____ 
    /       ||   ____||   _  \     |   ____||  \ |  | |  | |           |\   \  /   / 
   |   (----`|  |__   |  |_)  |    |  |__   |   \|  | |  | `---|  |----` \   \/   /  
    \   \    |   __|  |      /     |   __|  |  . `  | |  |     |  |       \_    _/   
.----)   |   |  |____ |  |\  \----.|  |____ |  |\   | |  |     |  |         |  |     
|_______/    |_______|| _| `._____||_______||__| \__| |__|     |__|         |__|    
                                                                                     
 News and tutorials at http://www.serenity-bdd.info                                  
 Documentation at https://wakaleo.gitbooks.io/the-serenity-book/content/             
 Join the Serenity Community on Gitter: https://gitter.im/serenity-bdd/serenity-core 
 Serenity BDD Support and Training at http://serenity-bdd.info/#/trainingandsupport  
-------------------------------------------------------------------------------------

19:06:41.637 [main] DEBUG n.thucydides.core.steps.StepEventBus - Test suite started for story net.thucydides.core.model.Story@e58a901e
19:06:41.638 [main] INFO   - Test Suite Started: HWC search verification

Scenario: Verify headers                                                  &amp#27;[90m# src/test/resources/features/assigment.feature:3&amp#27;[0m
19:06:41.815 [main] INFO  i.c.core.plugin.SerenityReporter - Running feature from file:///C:/Users/ramiz/Desktop/selenium/SerenityProject/src/test/resources/features/assigment.feature
19:06:41.830 [main] INFO   - 
  _____   ___   ___   _____     ___   _____     _     ___   _____   ___   ___  
 |_   _| | __| / __| |_   _|   / __| |_   _|   /_\   | _ \ |_   _| | __| |   \ 
   | |   | _|  \__ \   | |     \__ \   | |    / _ \  |   /   | |   | _|  | |) |
   |_|   |___| |___/   |_|     |___/   |_|   /_/ \_\ |_|_\   |_|   |___| |___/ 

Verify headers(hwc-search-verification;verify-headers)
--------------------------------------------------------------------------------
19:06:41.906 [main] DEBUG n.t.c.r.m.cucumber.CucumberParser - Added feature HWC search verification
19:06:42.586 [main] DEBUG i.g.b.wdm.cache.ResolutionCache - Resolution chrome=92 in cache (valid until 19:10:23 07/08/2021 CDT)
19:06:42.587 [main] DEBUG i.g.b.wdm.cache.ResolutionCache - Resolution chrome92=92.0.4515.107 in cache (valid until 16:55:05 08/08/2021 CDT)
19:06:42.588 [main] INFO  i.g.bonigarcia.wdm.WebDriverManager - Using chromedriver 92.0.4515.107 (resolved driver for Chrome 92)
19:06:42.599 [main] DEBUG i.g.bonigarcia.wdm.WebDriverManager - Driver chromedriver 92.0.4515.107 found in cache
19:06:42.600 [main] INFO  i.g.bonigarcia.wdm.WebDriverManager - Exporting webdriver.chrome.driver as C:\Users\ramiz\.cache\selenium\chromedriver\win32\92.0.4515.107\chromedriver.exe
  &amp#27;[32mGiven &amp#27;[0m&amp#27;[32mUser on home page&amp#27;[0m                                                 &amp#27;[90m# assignment.step_definitions.AssignmentTest.user_on_home_page()&amp#27;[0m
  &amp#27;[32mWhen &amp#27;[0m&amp#27;[32mUser verify social media page from &amp#27;[0m&amp#27;[32m&amp#27;[1m"National Health Service Corps"&amp#27;[0m &amp#27;[90m# assignment.step_definitions.AssignmentTest.user_verify_social_media_page_from(java.lang.String)&amp#27;[0m
  &amp#27;[32mAnd &amp#27;[0m&amp#27;[32mperform search by keyword &amp#27;[0m&amp#27;[32m&amp#27;[1m"National Health Service Corps"&amp#27;[0m           &amp#27;[90m# assignment.step_definitions.AssignmentTest.perform_search_by_keyword(java.lang.String)&amp#27;[0m
  &amp#27;[32mAnd &amp#27;[0m&amp#27;[32mnavigate to sites tab&amp#27;[0m                                               &amp#27;[90m# assignment.step_definitions.AssignmentTest.navigate_to_sites_tab()&amp#27;[0m
  &amp#27;[32mAnd &amp#27;[0m&amp#27;[32mselect third item from search result and click&amp#27;[0m                      &amp#27;[90m# assignment.step_definitions.AssignmentTest.select_third_item_from_search_result_and_click()&amp#27;[0m
  &amp#27;[32mAnd &amp#27;[0m&amp#27;[32mnavigate to the page&amp#27;[0m                                                &amp#27;[90m# assignment.step_definitions.AssignmentTest.navigate_to_the_page()&amp#27;[0m
  &amp#27;[32mThen &amp#27;[0m&amp#27;[32mclick on each tab and verify the headers&amp#27;[0m                           &amp#27;[90m# assignment.step_definitions.AssignmentTest.click_on_each_tab_and_verify_the_headers(java.util.List<java.lang.String>)&amp#27;[0m
19:06:51.940 [main] INFO   - 
  _____   ___   ___   _____     ___     _     ___   ___   ___   ___  
 |_   _| | __| / __| |_   _|   | _ \   /_\   / __| / __| | __| |   \ 
   | |   | _|  \__ \   | |     |  _/  / _ \  \__ \ \__ \ | _|  | |) |
   |_|   |___| |___/   |_|     |_|   /_/ \_\ |___/ |___/ |___| |___/ 

Verify headers
----------------------------------------------------------------------
]]></system-out>
    <system-err><![CDATA[Starting ChromeDriver 92.0.4515.107 (87a818b10553a07434ea9e2b6dccf3cbe7895134-refs/branch-heads/4515@{#1634}) on port 28870
Only local connections are allowed.
Please see https://chromedriver.chromium.org/security-considerations for suggestions on keeping ChromeDriver safe.
ChromeDriver was started successfully.
Aug 07, 2021 7:06:43 PM org.openqa.selenium.remote.ProtocolHandshake createSession
INFO: Detected dialect: W3C
]]></system-err>
  </testcase>
</testsuite>